
*** Running xst
    with args -ifn mojo_top_0.xst -ofn mojo_top_0.srp -intstyle ise

Reading design: mojo_top_0.prj

=========================================================================
*                          HDL Parsing                                  *
=========================================================================
Analyzing Verilog file "/home/vivi/development/fpga/blinkerdemo/work/planAhead/blinkerdemo/blinkerdemo.srcs/sources_1/imports/verilog/blinker_1.v" into library work
Parsing module <blinker_1>.
Analyzing Verilog file "/home/vivi/development/fpga/blinkerdemo/work/planAhead/blinkerdemo/blinkerdemo.srcs/sources_1/imports/verilog/mojo_top_0.v" into library work
Parsing module <mojo_top_0>.

=========================================================================
*                            HDL Elaboration                            *
=========================================================================

Elaborating module <mojo_top_0>.

Elaborating module <blinker_1>.

=========================================================================
*                           HDL Synthesis                               *
=========================================================================

Synthesizing Unit <mojo_top_0>.
    Related source file is "/home/vivi/development/fpga/blinkerdemo/work/planAhead/blinkerdemo/blinkerdemo.srcs/sources_1/imports/verilog/mojo_top_0.v".
WARNING:Xst:647 - Input <cclk> is never used. This port will be preserved and left unconnected if it belongs to a top-level block or it belongs to a sub-block and the hierarchy of this sub-block is preserved.
WARNING:Xst:647 - Input <spi_ss> is never used. This port will be preserved and left unconnected if it belongs to a top-level block or it belongs to a sub-block and the hierarchy of this sub-block is preserved.
WARNING:Xst:647 - Input <spi_mosi> is never used. This port will be preserved and left unconnected if it belongs to a top-level block or it belongs to a sub-block and the hierarchy of this sub-block is preserved.
WARNING:Xst:647 - Input <spi_sck> is never used. This port will be preserved and left unconnected if it belongs to a top-level block or it belongs to a sub-block and the hierarchy of this sub-block is preserved.
WARNING:Xst:647 - Input <avr_tx> is never used. This port will be preserved and left unconnected if it belongs to a top-level block or it belongs to a sub-block and the hierarchy of this sub-block is preserved.
WARNING:Xst:647 - Input <avr_rx_busy> is never used. This port will be preserved and left unconnected if it belongs to a top-level block or it belongs to a sub-block and the hierarchy of this sub-block is preserved.
    Found 1-bit tristate buffer for signal <spi_miso> created at line 31
    Found 1-bit tristate buffer for signal <spi_channel<3>> created at line 31
    Found 1-bit tristate buffer for signal <spi_channel<2>> created at line 31
    Found 1-bit tristate buffer for signal <spi_channel<1>> created at line 31
    Found 1-bit tristate buffer for signal <spi_channel<0>> created at line 31
    Found 1-bit tristate buffer for signal <avr_rx> created at line 31
    Summary:
	inferred   6 Tristate(s).
Unit <mojo_top_0> synthesized.

Synthesizing Unit <blinker_1>.
    Related source file is "/home/vivi/development/fpga/blinkerdemo/work/planAhead/blinkerdemo/blinkerdemo.srcs/sources_1/imports/verilog/blinker_1.v".
    Found 26-bit register for signal <M_counter_q>.
    Found 26-bit adder for signal <M_counter_d> created at line 21.
    Summary:
	inferred   1 Adder/Subtractor(s).
	inferred  26 D-type flip-flop(s).
Unit <blinker_1> synthesized.

=========================================================================
HDL Synthesis Report

Macro Statistics
# Adders/Subtractors                                   : 1
 26-bit adder                                          : 1
# Registers                                            : 1
 26-bit register                                       : 1
# Tristates                                            : 6
 1-bit tristate buffer                                 : 6

=========================================================================

=========================================================================
*                       Advanced HDL Synthesis                          *
=========================================================================


Synthesizing (advanced) Unit <blinker_1>.
The following registers are absorbed into counter <M_counter_q>: 1 register on signal <M_counter_q>.
Unit <blinker_1> synthesized (advanced).

=========================================================================
Advanced HDL Synthesis Report

Macro Statistics
# Counters                                             : 1
 26-bit up counter                                     : 1

=========================================================================

=========================================================================
*                         Low Level Synthesis                           *
=========================================================================

Optimizing unit <mojo_top_0> ...

Mapping all equations...
Building and optimizing final netlist ...
Found area constraint ratio of 100 (+ 0) on block mojo_top_0, actual ratio is 0.

Final Macro Processing ...

=========================================================================
Final Register Report

Macro Statistics
# Registers                                            : 26
 Flip-Flops                                            : 26

=========================================================================

=========================================================================
*                           Partition Report                            *
=========================================================================

Partition Implementation Status
-------------------------------

  No Partitions were found in this design.

-------------------------------

=========================================================================
*                            Design Summary                             *
=========================================================================

Clock Information:
------------------
-----------------------------------+------------------------+-------+
Clock Signal                       | Clock buffer(FF name)  | Load  |
-----------------------------------+------------------------+-------+
clk                                | BUFGP                  | 26    |
-----------------------------------+------------------------+-------+

Asynchronous Control Signals Information:
----------------------------------------
No asynchronous control signals found in this design

Timing Summary:
---------------
Speed Grade: -2

   Minimum period: 2.514ns (Maximum Frequency: 397.772MHz)
   Minimum input arrival time before clock: 4.142ns
   Maximum output required time after clock: 4.412ns
   Maximum combinational path delay: No path found

=========================================================================
